<?xml version="1.0" encoding="UTF-8"?>
<!-- Generated by org.testng.reporters.JUnitXMLReporter -->
<testsuite hostname="marvin" name="Default test(failed)" tests="1" failures="1" timestamp="3 May 2014 22:57:55 GMT" time="11.698" errors="0">
  <testcase name="testGroupCreationWithValidData" time="9.654" classname="com.example.tests.GroupCreationTest">
    <failure type="java.lang.AssertionError" message="
Expected: &amp;lt;[GroupParameters [name=, header=, footer=test2136011220], GroupParameters [name=test-1043418513, header=test-1393728497, footer=test30108670], GroupParameters [name=test-1043418513, header=test-1393728497, footer=test30108670]]&amp;gt;
     but: was &amp;lt;[GroupParameters [name=, header=, footer=test2136011220], GroupParameters [name=test-1043418513, header=test-1393728497, footer=test30108670]]&amp;gt;">
      <![CDATA[java.lang.AssertionError: 
Expected: <[GroupParameters [name=, header=, footer=test2136011220], GroupParameters [name=test-1043418513, header=test-1393728497, footer=test30108670], GroupParameters [name=test-1043418513, header=test-1393728497, footer=test30108670]]]]><![CDATA[>
     but: was <[GroupParameters [name=, header=, footer=test2136011220], GroupParameters [name=test-1043418513, header=test-1393728497, footer=test30108670]]]]><![CDATA[>
	at org.hamcrest.MatcherAssert.assertThat(MatcherAssert.java:20)
	at org.junit.Assert.assertThat(Assert.java:865)
	at org.junit.Assert.assertThat(Assert.java:832)
	at com.example.tests.GroupCreationTest.testGroupCreationWithValidData(GroupCreationTest.java:35)
... Removed 24 stack frames]]>
    </failure>
  </testcase> <!-- testGroupCreationWithValidData -->
</testsuite> <!-- Default test(failed) -->
